<?xml version="1.0" encoding="UTF-8"?>
<testng-results skipped="0" failed="0" ignored="0" total="1" passed="1">
  <reporter-output>
    <line>
      <![CDATA[am run]]>
    </line>
  </reporter-output>
  <suite name="Suite" duration-ms="200" started-at="2020-08-07T04:25:42 IST" finished-at="2020-08-07T04:25:43 IST">
    <groups>
    </groups>
    <test name="Test" duration-ms="200" started-at="2020-08-07T04:25:42 IST" finished-at="2020-08-07T04:25:43 IST">
      <class name="com.ActiTime.genericLib.Demo">
        <test-method status="PASS" signature="run()[pri:0, instance:com.ActiTime.genericLib.Demo@1ba359bd]" name="run" duration-ms="25" started-at="2020-08-07T04:25:43 IST" finished-at="2020-08-07T04:25:43 IST">
          <reporter-output>
            <line>
              <![CDATA[am run]]>
            </line>
          </reporter-output>
        </test-method> <!-- run -->
      </class> <!-- com.ActiTime.genericLib.Demo -->
    </test> <!-- Test -->
  </suite> <!-- Suite -->
</testng-results>
