<?xml version="1.0" encoding="UTF-8"?>
<testng-results skipped="0" failed="0" ignored="0" total="1" passed="1">
  <reporter-output>
    <line>
      <![CDATA[Login  is Displyed]]>
    </line>
    <line>
      <![CDATA[samsung smart tv 32 inches  product successfully Selected]]>
    </line>
    <line>
      <![CDATA[product Details Page  is Disaplayed===> Passed]]>
    </line>
    <line>
      <![CDATA[Currently out of stock in this area. is displayed]]>
    </line>
  </reporter-output>
  <suite name="Failed suite [Default suite]" duration-ms="77899" started-at="2020-08-17T04:29:10 IST" finished-at="2020-08-17T04:30:27 IST">
    <groups>
    </groups>
    <test name="Default test(failed)" duration-ms="77899" started-at="2020-08-17T04:29:10 IST" finished-at="2020-08-17T04:30:27 IST">
      <class name="com.FlipKart.AddCart.AddingOutOfStockProduct">
        <test-method status="PASS" signature="openBrowser()[pri:0, instance:com.FlipKart.AddCart.AddingOutOfStockProduct@74650e52]" name="openBrowser" is-config="true" duration-ms="29314" started-at="2020-08-17T04:29:10 IST" finished-at="2020-08-17T04:29:39 IST">
          <reporter-output>
          </reporter-output>
        </test-method> <!-- openBrowser -->
        <test-method status="PASS" signature="addingOutOfStock()[pri:0, instance:com.FlipKart.AddCart.AddingOutOfStockProduct@74650e52]" name="addingOutOfStock" duration-ms="48144" started-at="2020-08-17T04:29:39 IST" finished-at="2020-08-17T04:30:27 IST">
          <reporter-output>
            <line>
              <![CDATA[Login  is Displyed]]>
            </line>
            <line>
              <![CDATA[samsung smart tv 32 inches  product successfully Selected]]>
            </line>
            <line>
              <![CDATA[product Details Page  is Disaplayed===> Passed]]>
            </line>
            <line>
              <![CDATA[Currently out of stock in this area. is displayed]]>
            </line>
          </reporter-output>
        </test-method> <!-- addingOutOfStock -->
      </class> <!-- com.FlipKart.AddCart.AddingOutOfStockProduct -->
    </test> <!-- Default test(failed) -->
  </suite> <!-- Failed suite [Default suite] -->
</testng-results>
