<?xml version="1.0" encoding="UTF-8"?>
<!-- Generated by org.testng.reporters.JUnitXMLReporter -->
<testsuite hostname="LAPTOP-75V67E11" ignored="0" name="Default test" tests="3" failures="0" timestamp="2020-08-16T22:50:54 IST" time="184.389" errors="0">
  <testcase name="flipkartLogout" time="16.842" classname="com.FlipKart.Home.FlipLogout"/>
  <testcase name="searchField" time="29.473" classname="com.FlipKart.Home.SearchField"/>
  <testcase name="flipkartLogin" time="3.559" classname="com.FlipKart.Home.FlipKartValidLogin"/>
</testsuite> <!-- Default test -->
